2024-07-09 21:36:03 [@a6e27ebea1d4]
Externo #1: Lanzar PurgeLogs
2024-07-09 21:36:03 [@a6e27ebea1d4]
Externo #2: Lanzar checkAllUpdates
2024-07-09 21:36:03 [@a6e27ebea1d4]
Externo #3: Lanzar DomainsAlert
2024-07-09 21:36:03 [@a6e27ebea1d4]
Externo #4: Lanzar cleanorphans
2024-07-09 21:36:03 [@a6e27ebea1d4]
Externo #5: Lanzar pendingreason_autobump_autosolve
2024-07-09 21:37:22 [@a6e27ebea1d4]
Interno #1: Lanzar contract
2024-07-09 21:38:03 [@a6e27ebea1d4]
Externo #1: Lanzar Cleanoldagents
2024-07-09 21:40:03 [@a6e27ebea1d4]
Externo #1: Nada que lanzar
2024-07-09 21:42:03 [@a6e27ebea1d4]
Externo #1: Nada que lanzar
2024-07-09 21:44:03 [@a6e27ebea1d4]
Externo #1: Nada que lanzar
2024-07-23 00:28:14 [@983584203fad]
Externo #1: Lanzar pendingreason_autobump_autosolve
2024-07-23 00:28:15 [@983584203fad]
Externo #2: Lanzar checkAllUpdates
2024-07-23 00:28:15 [@983584203fad]
Externo #3: Lanzar DomainsAlert
2024-07-23 00:28:15 [@983584203fad]
Externo #4: Lanzar Cleanoldagents
2024-07-23 00:28:15 [@983584203fad]
Externo #5: Lanzar PurgeLogs
2024-07-23 00:30:04 [@983584203fad]
Externo #1: Lanzar cleanorphans
2024-07-23 00:31:18 [@983584203fad]
Internal #1: Launch infocom
2024-07-23 00:32:03 [@983584203fad]
Externo #1: Nada que lanzar
2024-07-23 00:34:02 [@983584203fad]
Externo #1: Nada que lanzar
2024-07-23 00:36:03 [@983584203fad]
Externo #1: Nada que lanzar
2024-07-23 00:38:03 [@983584203fad]
Externo #1: Nada que lanzar
2024-07-23 00:40:02 [@983584203fad]
Externo #1: Nada que lanzar
2024-07-23 00:42:02 [@983584203fad]
Externo #1: Nada que lanzar
2024-07-23 00:44:03 [@983584203fad]
Externo #1: Nada que lanzar
2024-07-23 00:46:02 [@983584203fad]
Externo #1: Nada que lanzar
2024-07-23 00:48:02 [@983584203fad]
Externo #1: Nada que lanzar
2024-07-23 00:50:03 [@983584203fad]
Externo #1: Nada que lanzar
2024-07-23 00:52:03 [@983584203fad]
Externo #1: Nada que lanzar
2024-07-23 00:54:03 [@983584203fad]
Externo #1: Nada que lanzar
2024-07-23 00:56:03 [@983584203fad]
Externo #1: Nada que lanzar
2024-07-23 00:58:03 [@983584203fad]
Externo #1: Lanzar pendingreason_autobump_autosolve
2024-07-23 01:00:02 [@983584203fad]
Externo #1: Nada que lanzar
2024-07-23 01:02:02 [@983584203fad]
Externo #1: Nada que lanzar
2024-07-23 01:04:02 [@983584203fad]
Externo #1: Nada que lanzar
2024-07-23 01:06:02 [@983584203fad]
Externo #1: Nada que lanzar
2024-07-23 01:08:02 [@983584203fad]
Externo #1: Nada que lanzar
2024-07-23 01:10:03 [@983584203fad]
Externo #1: Nada que lanzar
2024-07-23 01:12:05 [@983584203fad]
Externo #1: Nada que lanzar
2024-07-23 01:14:03 [@983584203fad]
Externo #1: Nada que lanzar
2024-07-23 01:16:03 [@983584203fad]
Externo #1: Nada que lanzar
2024-07-23 01:20:03 [@da56818458c3]
Externo #1: Nada que lanzar
2024-07-23 01:22:02 [@da56818458c3]
Externo #1: Nada que lanzar
2024-07-23 01:24:02 [@da56818458c3]
Externo #1: Nada que lanzar
2024-07-23 01:26:02 [@da56818458c3]
Externo #1: Nada que lanzar
2024-07-23 01:28:02 [@da56818458c3]
Externo #1: Lanzar pendingreason_autobump_autosolve
2024-07-23 01:30:02 [@da56818458c3]
Externo #1: Nada que lanzar
2024-07-23 01:32:02 [@da56818458c3]
Externo #1: Nada que lanzar
2024-07-23 01:34:02 [@da56818458c3]
Externo #1: Nada que lanzar
2024-07-23 01:36:03 [@da56818458c3]
Externo #1: Nada que lanzar
2024-07-23 01:38:08 [@da56818458c3]
Externo #1: Nada que lanzar
2024-07-23 01:40:03 [@da56818458c3]
Externo #1: Nada que lanzar
2024-07-23 01:42:03 [@da56818458c3]
Externo #1: Nada que lanzar
2024-07-23 01:44:03 [@da56818458c3]
Externo #1: Nada que lanzar
2024-07-23 01:46:03 [@da56818458c3]
Externo #1: Nada que lanzar
2024-07-23 01:48:03 [@da56818458c3]
Externo #1: Nada que lanzar
2024-07-23 01:50:03 [@da56818458c3]
Externo #1: Nada que lanzar
2024-07-23 01:52:03 [@da56818458c3]
Externo #1: Nada que lanzar
2024-07-23 01:54:03 [@da56818458c3]
Externo #1: Nada que lanzar
2024-07-23 01:56:03 [@da56818458c3]
Externo #1: Nada que lanzar
2024-07-23 01:58:03 [@da56818458c3]
Externo #1: Lanzar pendingreason_autobump_autosolve
2024-08-15 02:18:54 [@da56818458c3]
Externo #1: Lanzar pendingreason_autobump_autosolve
2024-08-15 02:18:57 [@da56818458c3]
Externo #2: Lanzar checkAllUpdates
2024-08-15 02:18:58 [@da56818458c3]
Externo #3: Lanzar DomainsAlert
2024-08-15 02:18:58 [@da56818458c3]
Externo #4: Lanzar Cleanoldagents
2024-08-15 02:18:58 [@da56818458c3]
Externo #5: Lanzar PurgeLogs
2024-08-15 02:19:27 [@da56818458c3]
Internal #1: Launch mailgate
2024-08-15 02:20:25 [@da56818458c3]
Externo #1: Lanzar cleanorphans
2024-08-15 02:22:44 [@da56818458c3]
Externo #1: Nada que lanzar
2024-08-15 02:24:19 [@da56818458c3]
Externo #1: Nada que lanzar
2024-08-15 02:26:40 [@da56818458c3]
Externo #1: Nada que lanzar
2024-08-15 02:28:22 [@da56818458c3]
Externo #1: Nada que lanzar
2024-08-15 02:29:46 [2@da56818458c3]
Interno #1: Lanzar session
2024-08-15 02:30:24 [@da56818458c3]
Externo #1: Nada que lanzar
2024-08-15 02:32:18 [@da56818458c3]
Externo #1: Nada que lanzar
2024-08-15 02:34:26 [@da56818458c3]
Externo #1: Nada que lanzar
2024-08-15 02:36:13 [@da56818458c3]
Externo #1: Nada que lanzar
2024-08-15 02:38:15 [@da56818458c3]
Externo #1: Nada que lanzar
2024-08-15 02:40:04 [@da56818458c3]
Externo #1: Nada que lanzar
2024-08-15 02:42:07 [@da56818458c3]
Externo #1: Nada que lanzar
2024-08-15 02:44:04 [@da56818458c3]
Externo #1: Nada que lanzar
2024-08-15 02:46:04 [@da56818458c3]
Externo #1: Nada que lanzar
2024-08-15 02:48:03 [@da56818458c3]
Externo #1: Lanzar pendingreason_autobump_autosolve
2024-08-15 02:50:03 [@da56818458c3]
Externo #1: Nada que lanzar
2024-08-15 02:52:02 [@da56818458c3]
Externo #1: Nada que lanzar
2024-08-15 02:54:02 [@da56818458c3]
Externo #1: Nada que lanzar
2024-08-15 02:56:02 [@da56818458c3]
Externo #1: Nada que lanzar
2024-08-15 02:58:02 [@da56818458c3]
Externo #1: Nada que lanzar
2024-08-15 03:00:03 [@da56818458c3]
Externo #1: Nada que lanzar
2024-08-15 03:02:02 [@da56818458c3]
Externo #1: Nada que lanzar
2024-08-15 03:04:02 [@da56818458c3]
Externo #1: Nada que lanzar
2024-08-15 03:06:02 [@da56818458c3]
Externo #1: Nada que lanzar
2024-08-15 03:08:05 [@da56818458c3]
Externo #1: Nada que lanzar
2024-08-15 03:10:03 [@da56818458c3]
Externo #1: Nada que lanzar
2024-08-15 03:12:04 [@da56818458c3]
Externo #1: Nada que lanzar
2024-08-15 03:14:03 [@da56818458c3]
Externo #1: Nada que lanzar
2024-08-15 03:16:02 [@da56818458c3]
Externo #1: Nada que lanzar
2024-08-15 03:18:03 [@da56818458c3]
Externo #1: Lanzar pendingreason_autobump_autosolve
2024-08-15 03:20:03 [@da56818458c3]
Externo #1: Nada que lanzar
2024-08-15 03:22:03 [@da56818458c3]
Externo #1: Nada que lanzar
2024-08-15 03:24:03 [@da56818458c3]
Externo #1: Nada que lanzar
2024-08-15 03:26:03 [@da56818458c3]
Externo #1: Nada que lanzar
2024-08-15 03:28:03 [@da56818458c3]
Externo #1: Nada que lanzar
2024-08-15 03:30:04 [@da56818458c3]
Externo #1: Nada que lanzar
2024-08-15 03:32:03 [@da56818458c3]
Externo #1: Nada que lanzar
2024-08-15 03:34:03 [@da56818458c3]
Externo #1: Nada que lanzar
2024-08-15 03:36:03 [@da56818458c3]
Externo #1: Nada que lanzar
2024-08-15 03:38:03 [@da56818458c3]
Externo #1: Nada que lanzar
2024-08-15 03:40:03 [@da56818458c3]
Externo #1: Nada que lanzar
2024-08-15 03:42:04 [@da56818458c3]
Externo #1: Nada que lanzar
2024-08-15 03:42:47 [2@c8ea9a1097d3]
Interno #1: Lanzar graph
2024-08-15 03:44:02 [@c8ea9a1097d3]
Externo #1: Nada que lanzar
2024-08-15 03:46:02 [@c8ea9a1097d3]
Externo #1: Nada que lanzar
2024-08-15 03:48:02 [@14aefbc228db]
Externo #1: Lanzar pendingreason_autobump_autosolve
2024-08-15 03:50:02 [@14aefbc228db]
Externo #1: Nada que lanzar
2024-08-15 03:52:03 [@14aefbc228db]
Externo #1: Nada que lanzar
2024-08-15 03:54:02 [@14aefbc228db]
Externo #1: Nada que lanzar
2024-08-15 03:56:03 [@14aefbc228db]
Externo #1: Nada que lanzar
2024-08-15 03:58:03 [@14aefbc228db]
Externo #1: Nada que lanzar
2024-08-15 04:00:03 [@14aefbc228db]
Externo #1: Nada que lanzar
2024-08-15 04:02:03 [@14aefbc228db]
Externo #1: Nada que lanzar
2024-08-15 04:04:03 [@14aefbc228db]
Externo #1: Nada que lanzar
2024-08-15 04:06:02 [@14aefbc228db]
Externo #1: Nada que lanzar
2024-08-15 04:06:22 [2@14aefbc228db]
Interno #1: Lanzar reservation
2024-08-15 04:08:04 [@14aefbc228db]
Externo #1: Nada que lanzar
2024-08-15 04:10:02 [@14aefbc228db]
Externo #1: Nada que lanzar
2024-08-15 04:12:03 [@14aefbc228db]
Externo #1: Nada que lanzar
2024-08-15 04:14:03 [@14aefbc228db]
Externo #1: Nada que lanzar
2024-08-15 04:16:03 [@14aefbc228db]
Externo #1: Nada que lanzar
2024-08-15 04:18:03 [@14aefbc228db]
Externo #1: Lanzar pendingreason_autobump_autosolve
2024-08-15 04:20:04 [@14aefbc228db]
Externo #1: Nada que lanzar
2024-08-15 04:22:03 [@14aefbc228db]
Externo #1: Nada que lanzar
2024-08-15 04:24:03 [@14aefbc228db]
Externo #1: Nada que lanzar
2024-08-15 04:25:21 [2@14aefbc228db]
Interno #1: Lanzar closeticket
2024-08-15 04:26:03 [@14aefbc228db]
Externo #1: Nada que lanzar
2024-08-15 04:28:03 [@14aefbc228db]
Externo #1: Nada que lanzar
2024-08-15 04:30:03 [@14aefbc228db]
Externo #1: Nada que lanzar
2024-08-15 04:32:03 [@14aefbc228db]
Externo #1: Nada que lanzar
2024-08-15 04:32:41 [2@14aefbc228db]
Interno #1: Lanzar alertnotclosed
2024-08-15 04:34:05 [@14aefbc228db]
Externo #1: Nada que lanzar
2024-08-15 04:36:04 [@14aefbc228db]
Externo #1: Nada que lanzar
2024-08-15 04:38:05 [@14aefbc228db]
Externo #1: Nada que lanzar
2024-08-15 04:40:05 [@14aefbc228db]
Externo #1: Nada que lanzar
2024-08-15 04:42:04 [@14aefbc228db]
Externo #1: Nada que lanzar
2024-08-15 04:43:59 [2@14aefbc228db]
Interno #1: Lanzar slaticket
2024-08-15 04:44:03 [@14aefbc228db]
Externo #1: Nada que lanzar
2024-08-15 04:46:03 [@14aefbc228db]
Externo #1: Nada que lanzar
2024-08-15 04:48:05 [@14aefbc228db]
Externo #1: Lanzar pendingreason_autobump_autosolve
2024-08-15 04:49:17 [@14aefbc228db]
Internal #1: Launch createinquest
2024-08-15 04:50:04 [@14aefbc228db]
Externo #1: Nada que lanzar
2024-08-15 04:51:22 [2@14aefbc228db]
Interno #1: Lanzar watcher
2024-08-15 04:51:58 [@14aefbc228db]
Internal #1: Launch RecurrentItems
2024-08-15 04:52:03 [@14aefbc228db]
Externo #1: Nada que lanzar
2024-08-15 04:54:03 [@14aefbc228db]
Externo #1: Nada que lanzar
2024-08-15 04:56:03 [@14aefbc228db]
Externo #1: Nada que lanzar
2024-08-15 04:58:03 [@14aefbc228db]
Externo #1: Nada que lanzar
2024-08-15 05:00:03 [@14aefbc228db]
Externo #1: Nada que lanzar
2024-08-15 05:02:03 [@14aefbc228db]
Externo #1: Nada que lanzar
2024-08-15 05:04:03 [@14aefbc228db]
Externo #1: Nada que lanzar
2024-08-16 00:52:07 [@14aefbc228db]
Externo #1: Lanzar pendingreason_autobump_autosolve
2024-08-16 00:54:05 [@14aefbc228db]
Externo #1: Nada que lanzar
2024-08-16 00:56:03 [@14aefbc228db]
Externo #1: Nada que lanzar
2024-08-16 00:58:03 [@14aefbc228db]
Externo #1: Nada que lanzar
2024-08-16 01:00:03 [@14aefbc228db]
Externo #1: Nada que lanzar
2024-08-16 01:02:02 [@14aefbc228db]
Externo #1: Nada que lanzar
2024-08-16 01:03:44 [2@14aefbc228db]
Interno #1: Lanzar planningrecall
2024-08-16 01:04:02 [@14aefbc228db]
Externo #1: Nada que lanzar
2024-08-16 01:06:04 [@14aefbc228db]
Externo #1: Nada que lanzar
2024-08-16 01:08:03 [@14aefbc228db]
Externo #1: Nada que lanzar
2024-08-16 01:09:08 [2@14aefbc228db]
Interno #1: Lanzar queuednotification
2024-08-16 01:10:03 [@14aefbc228db]
Externo #1: Nada que lanzar
2024-08-16 01:12:03 [@14aefbc228db]
Externo #1: Nada que lanzar
2024-08-16 01:14:03 [@14aefbc228db]
Externo #1: Nada que lanzar
2024-08-16 01:14:53 [2@14aefbc228db]
Interno #1: Lanzar queuednotificationclean
2024-08-16 01:16:03 [@14aefbc228db]
Externo #1: Nada que lanzar
2024-08-16 01:18:03 [@14aefbc228db]
Externo #1: Lanzar taskscheduler
2024-08-16 01:18:03 [@14aefbc228db]
Externo #2: Lanzar cleantaskjob
2024-08-16 01:18:03 [@14aefbc228db]
Externo #3: Lanzar wakeupAgents
2024-08-16 01:18:03 [@14aefbc228db]
Externo #4: Lanzar cleanondemand
2024-08-16 01:19:23 [2@14aefbc228db]
Interno #1: Lanzar temp
2024-08-16 01:20:03 [@14aefbc228db]
Externo #1: Lanzar taskscheduler
2024-08-16 01:20:03 [@14aefbc228db]
Externo #2: Lanzar wakeupAgents
2024-08-16 01:22:03 [@14aefbc228db]
Externo #1: Lanzar pendingreason_autobump_autosolve
2024-08-16 01:22:03 [@14aefbc228db]
Externo #2: Lanzar taskscheduler
2024-08-16 01:22:03 [@14aefbc228db]
Externo #3: Lanzar wakeupAgents
2024-08-16 01:24:03 [@14aefbc228db]
Externo #1: Lanzar taskscheduler
2024-08-16 01:24:03 [@14aefbc228db]
Externo #2: Lanzar wakeupAgents
2024-08-16 01:26:03 [@14aefbc228db]
Externo #1: Lanzar taskscheduler
2024-08-16 01:26:03 [@14aefbc228db]
Externo #2: Lanzar wakeupAgents
2024-08-16 01:27:19 [2@14aefbc228db]
Interno #1: Lanzar mailgateerror
2024-08-16 01:28:04 [@14aefbc228db]
Externo #1: Lanzar taskscheduler
2024-08-16 01:28:04 [@14aefbc228db]
Externo #2: Lanzar wakeupAgents
2024-08-16 01:30:04 [@14aefbc228db]
Externo #1: Lanzar taskscheduler
2024-08-16 01:30:04 [@14aefbc228db]
Externo #2: Lanzar wakeupAgents
2024-08-16 01:32:03 [@14aefbc228db]
Externo #1: Lanzar taskscheduler
2024-08-16 01:32:03 [@14aefbc228db]
Externo #2: Lanzar wakeupAgents
2024-08-16 01:34:03 [@14aefbc228db]
Externo #1: Lanzar taskscheduler
2024-08-16 01:34:03 [@14aefbc228db]
Externo #2: Lanzar wakeupAgents
2024-08-16 01:34:11 [2@14aefbc228db]
Interno #1: Lanzar certificate
2024-08-16 01:36:05 [@14aefbc228db]
Externo #1: Lanzar taskscheduler
2024-08-16 01:36:05 [@14aefbc228db]
Externo #2: Lanzar wakeupAgents
2024-08-16 01:38:03 [@14aefbc228db]
Externo #1: Lanzar taskscheduler
2024-08-16 01:38:03 [@14aefbc228db]
Externo #2: Lanzar wakeupAgents
2024-08-16 01:39:09 [2@14aefbc228db]
Interno #1: Lanzar olaticket
2024-08-16 01:40:03 [@14aefbc228db]
Externo #1: Lanzar taskscheduler
2024-08-16 01:40:03 [@14aefbc228db]
Externo #2: Lanzar wakeupAgents
2024-08-16 01:42:03 [@14aefbc228db]
Externo #1: Lanzar taskscheduler
2024-08-16 01:42:03 [@14aefbc228db]
Externo #2: Lanzar wakeupAgents
2024-08-16 01:44:03 [@14aefbc228db]
Externo #1: Lanzar taskscheduler
2024-08-16 01:44:03 [@14aefbc228db]
Externo #2: Lanzar wakeupAgents
2024-08-16 01:46:03 [@14aefbc228db]
Externo #1: Lanzar taskscheduler
2024-08-16 01:46:03 [@14aefbc228db]
Externo #2: Lanzar wakeupAgents
2024-08-16 01:47:42 [2@14aefbc228db]
Interno #1: Lanzar contract
2024-08-16 01:48:04 [@14aefbc228db]
Externo #1: Lanzar taskscheduler
2024-08-16 01:48:04 [@14aefbc228db]
Externo #2: Lanzar wakeupAgents
2024-08-16 01:50:03 [@14aefbc228db]
Externo #1: Lanzar taskscheduler
2024-08-16 01:50:03 [@14aefbc228db]
Externo #2: Lanzar wakeupAgents
2024-08-16 01:52:04 [@14aefbc228db]
Externo #1: Lanzar pendingreason_autobump_autosolve
2024-08-16 01:52:04 [@14aefbc228db]
Externo #2: Lanzar taskscheduler
2024-08-16 01:52:04 [@14aefbc228db]
Externo #3: Lanzar wakeupAgents
2024-08-16 01:54:02 [2@14aefbc228db]
Interno #1: Lanzar infocom
2024-08-16 01:54:05 [@14aefbc228db]
Externo #1: Lanzar taskscheduler
2024-08-16 01:54:05 [@14aefbc228db]
Externo #2: Lanzar wakeupAgents
2024-08-16 01:56:04 [@14aefbc228db]
Externo #1: Lanzar taskscheduler
2024-08-16 01:56:04 [@14aefbc228db]
Externo #2: Lanzar wakeupAgents
2024-08-16 01:58:03 [@14aefbc228db]
Externo #1: Lanzar taskscheduler
2024-08-16 01:58:04 [@14aefbc228db]
Externo #2: Lanzar wakeupAgents
2024-08-16 02:00:03 [@14aefbc228db]
Externo #1: Lanzar taskscheduler
2024-08-16 02:00:03 [@14aefbc228db]
Externo #2: Lanzar wakeupAgents
2024-08-16 02:00:32 [2@14aefbc228db]
Interno #1: Lanzar mailgate
2024-08-16 02:02:04 [@14aefbc228db]
Externo #1: Lanzar taskscheduler
2024-08-16 02:02:04 [@14aefbc228db]
Externo #2: Lanzar wakeupAgents
2024-08-16 02:04:03 [@14aefbc228db]
Externo #1: Nada que lanzar
2024-08-16 02:05:36 [2@14aefbc228db]
Interno #1: Lanzar graph
2024-08-16 02:06:03 [@14aefbc228db]
Externo #1: Nada que lanzar
2024-08-16 02:08:03 [@14aefbc228db]
Externo #1: Nada que lanzar
2024-08-16 02:10:03 [@14aefbc228db]
Externo #1: Nada que lanzar
2024-08-16 02:10:58 [2@14aefbc228db]
Interno #1: Lanzar slaticket
2024-08-16 02:12:03 [@14aefbc228db]
Externo #1: Nada que lanzar
2024-08-16 02:14:02 [@14aefbc228db]
Externo #1: Nada que lanzar
2024-08-16 02:16:02 [@14aefbc228db]
Externo #1: Nada que lanzar
2024-08-16 02:16:13 [2@14aefbc228db]
Interno #1: Lanzar reservation
2024-08-16 02:18:02 [@14aefbc228db]
Externo #1: Lanzar checkAllUpdates
2024-08-16 02:18:03 [@14aefbc228db]
Externo #2: Lanzar DomainsAlert
2024-08-16 02:18:03 [@14aefbc228db]
Externo #3: Lanzar Cleanoldagents
2024-08-16 02:20:02 [@14aefbc228db]
Externo #1: Nada que lanzar
2024-08-16 02:22:02 [@14aefbc228db]
Externo #1: Lanzar pendingreason_autobump_autosolve
2024-08-16 02:24:02 [@14aefbc228db]
Externo #1: Nada que lanzar
2024-08-16 02:24:13 [2@14aefbc228db]
Interno #1: Lanzar RecurrentItems
2024-08-16 02:26:02 [@14aefbc228db]
Externo #1: Nada que lanzar
2024-08-16 02:28:02 [@14aefbc228db]
Externo #1: Nada que lanzar
2024-08-16 02:29:48 [2@14aefbc228db]
Interno #1: Lanzar closeticket
2024-08-16 02:30:02 [@14aefbc228db]
Externo #1: Nada que lanzar
2024-08-19 19:48:06 [@14aefbc228db]
Externo #1: Lanzar pendingreason_autobump_autosolve
2024-08-19 19:48:06 [@14aefbc228db]
Externo #2: Lanzar checkAllUpdates
2024-08-19 19:48:11 [@14aefbc228db]
Externo #3: Lanzar DomainsAlert
2024-08-19 19:48:11 [@14aefbc228db]
Externo #4: Lanzar Cleanoldagents
