2024-08-16 01:14:15 [2@14aefbc228db]
0 segundos for "GLPI Inventory plugin installation"
2024-08-16 01:14:15 [2@14aefbc228db]
0 segundos for "Clean data from old installation of the plugin"
2024-08-16 01:14:15 [2@14aefbc228db]
0 segundos for "Clean rules from old installation of the plugin"
2024-08-16 01:14:17 [2@14aefbc228db]
2 segundos for "Creation tables in database"
2024-08-16 01:14:17 [2@14aefbc228db]
0 segundos for "Creation of folders"
2024-08-16 01:14:19 [2@14aefbc228db]
2 segundos for "Initialize profiles"
2024-08-16 01:14:19 [2@14aefbc228db]
0 segundos for "Initialize configuration"
2024-08-16 01:14:19 [2@14aefbc228db]
0 segundos for "Initialize agent TASKS"
2024-08-16 02:08:38 [2@14aefbc228db]
0 segundos for "GLPI Inventory plugin installation"
2024-08-16 02:08:38 [2@14aefbc228db]
0 segundos for "Clean data from old installation of the plugin"
2024-08-16 02:08:38 [2@14aefbc228db]
0 segundos for "Clean rules from old installation of the plugin"
2024-08-16 02:08:40 [2@14aefbc228db]
2 segundos for "Creation tables in database"
2024-08-16 02:08:40 [2@14aefbc228db]
0 segundos for "Creation of folders"
2024-08-16 02:08:42 [2@14aefbc228db]
2 segundos for "Initialize profiles"
2024-08-16 02:08:42 [2@14aefbc228db]
0 segundos for "Initialize configuration"
2024-08-16 02:08:42 [2@14aefbc228db]
0 segundos for "Initialize agent TASKS"
